[13:33:32.005][info] [#0:/Users/arash/.config/coc/extensions/coc-lua-data/lua-language-server/main.lua:66]: Lua Lsp startup, root: 	/Users/arash/.config/coc/extensions/coc-lua-data/lua-language-server
[13:33:32.005][info] [#0:/Users/arash/.config/coc/extensions/coc-lua-data/lua-language-server/main.lua:67]: ROOT:	/Users/arash/.config/coc/extensions/coc-lua-data/lua-language-server
[13:33:32.005][info] [#0:/Users/arash/.config/coc/extensions/coc-lua-data/lua-language-server/main.lua:68]: LOGPATH:	/Users/arash/.config/coc/extensions/coc-lua-data/lua-language-server/log
[13:33:32.005][info] [#0:/Users/arash/.config/coc/extensions/coc-lua-data/lua-language-server/main.lua:69]: METAPATH:	/Users/arash/.config/coc/extensions/coc-lua-data/lua-language-server/meta
[13:33:32.005][info] [#0:/Users/arash/.config/coc/extensions/coc-lua-data/lua-language-server/main.lua:70]: VERSION:	3.7.4
[13:33:32.029][info] [#0:script/service/service.lua:144]: 
========= Medical Examination Report =========
    --------------- Memory ---------------
        Total: 2.183 MB
        # 00 : 2.183 MB
        # 01 : 0.000 MB
        # 02 : 0.000 MB
        # 03 : 0.000 MB
        # 04 : 0.000 MB
    --------------- Coroutine ---------------
        Total:     0
        Running:   0
        Suspended: 0
        Normal:    0
        Dead:      0
    --------------- Cache ---------------
        Total: 1
        Dead:  0
    ---------------  RPC  ---------------
        Holdon:   0
        Waiting:  0
==============================================
[13:33:32.033][info] [#0:script/client.lua:657]: Client init	{
  capabilities = {
    general = {
      markdown = {
        parser = "marked",
        version = "4.0.10"
      },
      positionEncodings = { "utf-16" },
      regularExpressions = {
        engine = "ECMAScript",
        version = "ES2020"
      },
      staleRequestSupport = {
        cancel = true,
        retryOnContentModified = { "textDocument/inlayHint", "textDocument/semanticTokens/full", "textDocument/semanticTokens/range", "textDocument/semanticTokens/full/delta" }
      }
    },
    textDocument = {
      callHierarchy = {
        dynamicRegistration = true
      },
      codeAction = {
        codeActionLiteralSupport = {
          codeActionKind = {
            valueSet = { "", "quickfix", "refactor", "refactor.extract", "refactor.inline", "refactor.rewrite", "source", "source.organizeImports" }
          }
        },
        dataSupport = true,
        disabledSupport = true,
        dynamicRegistration = true,
        honorsChangeAnnotations = false,
        isPreferredSupport = true,
        resolveSupport = {
          properties = { "edit" }
        }
      },
      codeLens = {
        dynamicRegistration = true
      },
      colorProvider = {
        dynamicRegistration = true
      },
      completion = {
        completionItem = {
          commitCharactersSupport = true,
          deprecatedSupport = true,
          documentationFormat = { "markdown", "plaintext" },
          insertReplaceSupport = true,
          insertTextModeSupport = {
            valueSet = { 1, 2 }
          },
          labelDetailsSupport = true,
          preselectSupport = true,
          resolveSupport = {
            properties = { "documentation", "detail", "additionalTextEdits" }
          },
          snippetSupport = true,
          tagSupport = {
            valueSet = { 1 }
          }
        },
        completionItemKind = {
          valueSet = { 1, 2, 3, 4, 5, 6, 7, 8, 9, 10, 11, 12, 13, 14, 15, 16, 17, 18, 19, 20, 21, 22, 23, 24, 25 }
        },
        completionList = {
          itemDefaults = { "commitCharacters", "editRange", "insertTextFormat", "insertTextMode" }
        },
        contextSupport = true,
        dynamicRegistration = true,
        insertTextMode = 2
      },
      declaration = {
        dynamicRegistration = true,
        linkSupport = true
      },
      definition = {
        dynamicRegistration = true,
        linkSupport = true
      },
      diagnostic = {
        dynamicRegistration = true,
        relatedDocumentSupport = true
      },
      documentHighlight = {
        dynamicRegistration = true
      },
      documentLink = {
        dynamicRegistration = true,
        tooltipSupport = true
      },
      documentSymbol = {
        dynamicRegistration = true,
        hierarchicalDocumentSymbolSupport = true,
        labelSupport = true,
        symbolKind = {
          valueSet = { 1, 2, 3, 4, 5, 6, 7, 8, 9, 10, 11, 12, 13, 14, 15, 16, 17, 18, 19, 20, 21, 22, 23, 24, 25, 26 }
        },
        tagSupport = {
          valueSet = { 1 }
        }
      },
      foldingRange = {
        dynamicRegistration = true,
        foldingRange = {
          collapsedText = false
        },
        foldingRangeKind = {
          valueSet = { "comment", "imports", "region" }
        },
        lineFoldingOnly = true,
        rangeLimit = 5000
      },
      formatting = {
        dynamicRegistration = true
      },
      hover = {
        contentFormat = { "markdown", "plaintext" },
        dynamicRegistration = true
      },
      implementation = {
        dynamicRegistration = true,
        linkSupport = true
      },
      inlayHint = {
        dynamicRegistration = true,
        resolveSupport = {
          properties = { "tooltip", "textEdits", "label.tooltip", "label.location", "label.command" }
        }
      },
      inlineValue = {
        dynamicRegistration = true
      },
      linkedEditingRange = {
        dynamicRegistration = true
      },
      onTypeFormatting = {
        dynamicRegistration = true
      },
      publishDiagnostics = {
        codeDescriptionSupport = true,
        dataSupport = true,
        relatedInformation = true,
        tagSupport = {
          valueSet = { 1, 2 }
        },
        versionSupport = true
      },
      rangeFormatting = {
        dynamicRegistration = true
      },
      references = {
        dynamicRegistration = true
      },
      rename = {
        dynamicRegistration = true,
        honorsChangeAnnotations = true,
        prepareSupport = true,
        prepareSupportDefaultBehavior = 1
      },
      selectionRange = {
        dynamicRegistration = true
      },
      semanticTokens = {
        augmentsSyntaxTokens = true,
        dynamicRegistration = true,
        formats = { "relative" },
        multilineTokenSupport = false,
        overlappingTokenSupport = false,
        requests = {
          full = {
            delta = true
          },
          range = true
        },
        serverCancelSupport = true,
        tokenModifiers = { "declaration", "definition", "readonly", "static", "deprecated", "abstract", "async", "modification", "documentation", "defaultLibrary" },
        tokenTypes = { "namespace", "type", "class", "enum", "interface", "struct", "typeParameter", "parameter", "variable", "property", "enumMember", "event", "function", "method", "macro", "keyword", "modifier", "comment", "string", "number", "regexp", "decorator", "operator" }
      },
      signatureHelp = {
        contextSupport = true,
        dynamicRegistration = true,
        signatureInformation = {
          activeParameterSupport = true,
          documentationFormat = { "markdown", "plaintext" },
          parameterInformation = {
            labelOffsetSupport = true
          }
        }
      },
      synchronization = {
        didSave = true,
        dynamicRegistration = true,
        willSave = true,
        willSaveWaitUntil = true
      },
      typeDefinition = {
        dynamicRegistration = true,
        linkSupport = true
      },
      typeHierarchy = {
        dynamicRegistration = true
      }
    },
    window = {
      showDocument = {
        support = true
      },
      showMessage = {
        messageActionItem = {
          additionalPropertiesSupport = true
        }
      },
      workDoneProgress = true
    },
    workspace = {
      applyEdit = true,
      codeLens = {
        refreshSupport = true
      },
      configuration = true,
      diagnostics = {
        refreshSupport = true
      },
      didChangeConfiguration = {
        dynamicRegistration = true
      },
      didChangeWatchedFiles = {
        dynamicRegistration = true,
        relativePatternSupport = true
      },
      executeCommand = {
        dynamicRegistration = true
      },
      fileOperations = {
        didCreate = true,
        didDelete = true,
        didRename = true,
        dynamicRegistration = true,
        willCreate = true,
        willDelete = true,
        willRename = true
      },
      inlayHint = {
        refreshSupport = true
      },
      inlineValue = {
        refreshSupport = true
      },
      semanticTokens = {
        refreshSupport = true
      },
      symbol = {
        dynamicRegistration = true,
        resolveSupport = {
          properties = { "location.range" }
        },
        symbolKind = {
          valueSet = { 1, 2, 3, 4, 5, 6, 7, 8, 9, 10, 11, 12, 13, 14, 15, 16, 17, 18, 19, 20, 21, 22, 23, 24, 25, 26 }
        },
        tagSupport = {
          valueSet = { 1 }
        }
      },
      workspaceEdit = {
        changeAnnotationSupport = {
          groupsOnLabel = false
        },
        documentChanges = true,
        failureHandling = "undo",
        normalizesLineEndings = true,
        resourceOperations = { "create", "rename", "delete" }
      },
      workspaceFolders = true
    }
  },
  clientInfo = {
    name = "coc.nvim",
    version = "0.0.82"
  },
  initializationOptions = {
    changeConfiguration = true
  },
  locale = "en_US",
  processId = 18289,
  rootPath = "/Users/arash/Git/MacOS_customize/dotfiles-master",
  rootUri = "file:///Users/arash/Git/MacOS_customize/dotfiles-master",
  trace = "off",
  workDoneToken = "47fde758-d39b-44b3-8ea8-25391aca81eb",
  workspaceFolders = { {
      name = "dotfiles-master",
      uri = "file:///Users/arash/Git/MacOS_customize/dotfiles-master"
    } }
}
[13:33:32.033][info] [#0:script/language.lua:137]: VSC language: en_US
[13:33:32.033][info] [#0:script/language.lua:138]: LS  language: en-us
[13:33:32.033][info] [#0:script/workspace/workspace.lua:38]: Workspace init root: 	file:///Users/arash/Git/MacOS_customize/dotfiles-master
[13:33:32.033][info] [#0:script/workspace/workspace.lua:42]: Log path: 	/Users/arash/.config/coc/extensions/coc-lua-data/lua-language-server/log/file_Users_arash_Git_MacOS_customize_dotfiles-master.log
[13:33:32.034][info] [#0:script/workspace/workspace.lua:48]: Workspace create: 	file:///Users/arash/Git/MacOS_customize/dotfiles-master
[13:33:32.246][info] [#0:script/provider/provider.lua:46]: Load config from client	file:///Users/arash/Git/MacOS_customize/dotfiles-master
[13:33:32.247][info] [#0:script/provider/provider.lua:47]: {
  Lua = {
    addonManager = {
      enable = true
    },
    codeLens = {
      enable = false
    },
    completion = {
      autoRequire = true,
      callSnippet = "Disable",
      displayContext = 0,
      enable = true,
      keywordSnippet = "Replace",
      postfix = "@",
      requireSeparator = ".",
      showParams = true,
      showWord = "Fallback",
      workspaceWord = true
    },
    diagnostics = {
      disable = {},
      disableScheme = { "git" },
      enable = true,
      globals = {},
      ignoredFiles = "Opened",
      libraryFiles = "Opened",
      unusedLocalExclude = {},
      workspaceDelay = 3000,
      workspaceEvent = "OnSave",
      workspaceRate = 100
    },
    doc = {
      packageName = {},
      privateName = {},
      protectedName = {}
    },
    format = {
      defaultConfig = {},
      enable = true
    },
    hint = {
      arrayIndex = "Auto",
      await = true,
      enable = false,
      paramName = "All",
      paramType = true,
      semicolon = "SameLine",
      setType = false
    },
    hover = {
      enable = true,
      enumsLimit = 5,
      expandAlias = true,
      previewFields = 50,
      viewNumber = true,
      viewString = true,
      viewStringMax = 1000
    },
    misc = {
      executablePath = "",
      parameters = {}
    },
    runtime = {
      fileEncoding = "utf8",
      meta = "${version} ${language} ${encoding}",
      nonstandardSymbol = {},
      path = { "?.lua", "?/init.lua" },
      pathStrict = false,
      plugin = "",
      pluginArgs = {},
      special = {},
      unicodeName = false,
      version = "Lua 5.4"
    },
    semantic = {
      annotation = true,
      enable = true,
      keyword = false,
      variable = true
    },
    signatureHelp = {
      enable = true
    },
    spell = {
      dict = {}
    },
    type = {
      castNumberToInteger = true,
      weakNilCheck = false,
      weakUnionCheck = false
    },
    window = {
      progressBar = true,
      statusBar = true
    },
    workspace = {
      checkThirdParty = true,
      ignoreDir = { ".vscode" },
      ignoreSubmodules = true,
      library = {},
      maxPreload = 5000,
      preloadFileSize = 500,
      useGitIgnore = true,
      userThirdParty = {}
    }
  }
}
[13:33:32.353][info] [#0:script/provider/completion.lua:43]: Enable completion.
[13:33:32.354][info] [#0:script/provider/provider.lua:61]: Load config from client	fallback
[13:33:32.355][info] [#0:script/provider/provider.lua:62]: {
  Lua = {
    addonManager = {
      enable = true
    },
    codeLens = {
      enable = false
    },
    completion = {
      autoRequire = true,
      callSnippet = "Disable",
      displayContext = 0,
      enable = true,
      keywordSnippet = "Replace",
      postfix = "@",
      requireSeparator = ".",
      showParams = true,
      showWord = "Fallback",
      workspaceWord = true
    },
    diagnostics = {
      disable = {},
      disableScheme = { "git" },
      enable = true,
      globals = {},
      ignoredFiles = "Opened",
      libraryFiles = "Opened",
      unusedLocalExclude = {},
      workspaceDelay = 3000,
      workspaceEvent = "OnSave",
      workspaceRate = 100
    },
    doc = {
      packageName = {},
      privateName = {},
      protectedName = {}
    },
    format = {
      defaultConfig = {},
      enable = true
    },
    hint = {
      arrayIndex = "Auto",
      await = true,
      enable = false,
      paramName = "All",
      paramType = true,
      semicolon = "SameLine",
      setType = false
    },
    hover = {
      enable = true,
      enumsLimit = 5,
      expandAlias = true,
      previewFields = 50,
      viewNumber = true,
      viewString = true,
      viewStringMax = 1000
    },
    misc = {
      executablePath = "",
      parameters = {}
    },
    runtime = {
      fileEncoding = "utf8",
      meta = "${version} ${language} ${encoding}",
      nonstandardSymbol = {},
      path = { "?.lua", "?/init.lua" },
      pathStrict = false,
      plugin = "",
      pluginArgs = {},
      special = {},
      unicodeName = false,
      version = "Lua 5.4"
    },
    semantic = {
      annotation = true,
      enable = true,
      keyword = false,
      variable = true
    },
    signatureHelp = {
      enable = true
    },
    spell = {
      dict = {}
    },
    type = {
      castNumberToInteger = true,
      weakNilCheck = false,
      weakUnionCheck = false
    },
    window = {
      progressBar = true,
      statusBar = true
    },
    workspace = {
      checkThirdParty = true,
      ignoreDir = { ".vscode" },
      ignoreSubmodules = true,
      library = {},
      maxPreload = 5000,
      preloadFileSize = 500,
      useGitIgnore = true,
      userThirdParty = {}
    }
  }
}
[13:33:32.564][info] [#0:script/library.lua:212]: Init builtin library at:	file:///Users/arash/Git/MacOS_customize/dotfiles-master
[13:33:32.590][info] [#0:script/plugin.lua:86]: plugin path:	/Users/arash/Git/MacOS_customize/dotfiles-master
[13:33:32.590][warn] [#0:script/plugin.lua:101]: plugin not found:	/Users/arash/Git/MacOS_customize/dotfiles-master
[13:33:32.590][info] [#0:script/library.lua:212]: Init builtin library at:	nil
[13:33:32.704][info] [#0:script/workspace/workspace.lua:324]: Preload start:	file:///Users/arash/Git/MacOS_customize/dotfiles-master
[13:33:32.709][info] [#0:script/workspace/workspace.lua:330]: Scan files at:	file:///Users/arash/Git/MacOS_customize/dotfiles-master
[13:33:32.710][info] [#0:script/workspace/workspace.lua:324]: Preload start:	<fallback>
[13:33:32.713][info] [#0:script/workspace/workspace.lua:353]: Scan library at:	file:///Users/arash/.config/coc/extensions/coc-lua-data/lua-language-server/meta/Lua%205.4%20en-us%20utf8/table.lua
[13:33:32.713][info] [#0:script/workspace/workspace.lua:353]: Scan library at:	file:///Users/arash/.config/coc/extensions/coc-lua-data/lua-language-server/meta/Lua%205.4%20en-us%20utf8/package.lua
[13:33:32.714][info] [#0:script/workspace/workspace.lua:353]: Scan library at:	file:///Users/arash/.config/coc/extensions/coc-lua-data/lua-language-server/meta/Lua%205.4%20en-us%20utf8/utf8.lua
[13:33:32.714][info] [#0:script/workspace/workspace.lua:353]: Scan library at:	file:///Users/arash/.config/coc/extensions/coc-lua-data/lua-language-server/meta/Lua%205.4%20en-us%20utf8/debug.lua
[13:33:32.715][info] [#0:script/workspace/workspace.lua:353]: Scan library at:	file:///Users/arash/.config/coc/extensions/coc-lua-data/lua-language-server/meta/Lua%205.4%20en-us%20utf8/string.lua
[13:33:32.715][info] [#0:script/workspace/workspace.lua:353]: Scan library at:	file:///Users/arash/.config/coc/extensions/coc-lua-data/lua-language-server/meta/Lua%205.4%20en-us%20utf8/io.lua
[13:33:32.715][info] [#0:script/workspace/workspace.lua:353]: Scan library at:	file:///Users/arash/.config/coc/extensions/coc-lua-data/lua-language-server/meta/Lua%205.4%20en-us%20utf8/os.lua
[13:33:32.716][info] [#0:script/workspace/workspace.lua:353]: Scan library at:	file:///Users/arash/.config/coc/extensions/coc-lua-data/lua-language-server/meta/Lua%205.4%20en-us%20utf8/basic.lua
[13:33:32.716][info] [#0:script/workspace/workspace.lua:353]: Scan library at:	file:///Users/arash/.config/coc/extensions/coc-lua-data/lua-language-server/meta/Lua%205.4%20en-us%20utf8/builtin.lua
[13:33:32.716][info] [#0:script/workspace/workspace.lua:353]: Scan library at:	file:///Users/arash/.config/coc/extensions/coc-lua-data/lua-language-server/meta/Lua%205.4%20en-us%20utf8/coroutine.lua
[13:33:32.716][info] [#0:script/workspace/workspace.lua:353]: Scan library at:	file:///Users/arash/.config/coc/extensions/coc-lua-data/lua-language-server/meta/Lua%205.4%20en-us%20utf8/math.lua
[13:33:32.720][info] [#0:script/workspace/workspace.lua:353]: Scan library at:	file:///Users/arash/.config/coc/extensions/coc-lua-data/lua-language-server/meta/Lua%205.4%20en-us%20utf8/table.lua
[13:33:32.720][info] [#0:script/workspace/workspace.lua:353]: Scan library at:	file:///Users/arash/.config/coc/extensions/coc-lua-data/lua-language-server/meta/Lua%205.4%20en-us%20utf8/package.lua
[13:33:32.720][info] [#0:script/workspace/workspace.lua:353]: Scan library at:	file:///Users/arash/.config/coc/extensions/coc-lua-data/lua-language-server/meta/Lua%205.4%20en-us%20utf8/utf8.lua
[13:33:32.720][info] [#0:script/workspace/workspace.lua:353]: Scan library at:	file:///Users/arash/.config/coc/extensions/coc-lua-data/lua-language-server/meta/Lua%205.4%20en-us%20utf8/debug.lua
[13:33:32.720][info] [#0:script/workspace/workspace.lua:353]: Scan library at:	file:///Users/arash/.config/coc/extensions/coc-lua-data/lua-language-server/meta/Lua%205.4%20en-us%20utf8/string.lua
[13:33:32.720][info] [#0:script/workspace/workspace.lua:353]: Scan library at:	file:///Users/arash/.config/coc/extensions/coc-lua-data/lua-language-server/meta/Lua%205.4%20en-us%20utf8/io.lua
[13:33:32.720][info] [#0:script/workspace/workspace.lua:353]: Scan library at:	file:///Users/arash/.config/coc/extensions/coc-lua-data/lua-language-server/meta/Lua%205.4%20en-us%20utf8/os.lua
[13:33:32.720][info] [#0:script/workspace/workspace.lua:353]: Scan library at:	file:///Users/arash/.config/coc/extensions/coc-lua-data/lua-language-server/meta/Lua%205.4%20en-us%20utf8/basic.lua
[13:33:32.720][info] [#0:script/workspace/workspace.lua:353]: Scan library at:	file:///Users/arash/.config/coc/extensions/coc-lua-data/lua-language-server/meta/Lua%205.4%20en-us%20utf8/builtin.lua
[13:33:32.721][info] [#0:script/workspace/workspace.lua:353]: Scan library at:	file:///Users/arash/.config/coc/extensions/coc-lua-data/lua-language-server/meta/Lua%205.4%20en-us%20utf8/coroutine.lua
[13:33:32.721][info] [#0:script/workspace/workspace.lua:353]: Scan library at:	file:///Users/arash/.config/coc/extensions/coc-lua-data/lua-language-server/meta/Lua%205.4%20en-us%20utf8/math.lua
[13:33:32.826][info] [#0:script/workspace/workspace.lua:379]: Found 11 files at:	<fallback>
[13:33:32.826][info] [#0:script/workspace/loading.lua:161]: Load files from disk:	<fallback>
[13:33:32.826][info] [#0:script/workspace/workspace.lua:379]: Found 18 files at:	file:///Users/arash/Git/MacOS_customize/dotfiles-master
[13:33:32.826][info] [#0:script/workspace/loading.lua:161]: Load files from disk:	file:///Users/arash/Git/MacOS_customize/dotfiles-master
[13:33:32.829][info] [#0:script/workspace/loading.lua:89]: Skip loaded file: file:///Users/arash/Git/MacOS_customize/dotfiles-master/.config/nvim/lua/plugins/tweaks.lua
[13:33:32.829][info] [#0:script/workspace/loading.lua:101]: Preload file at: file:///Users/arash/.config/coc/extensions/coc-lua-data/lua-language-server/meta/Lua%205.4%20en-us%20utf8/math.lua , size = 8.509 KB
[13:33:32.840][info] [#0:script/workspace/loading.lua:113]: ++++As library of:	file:///Users/arash/.config/coc/extensions/coc-lua-data/lua-language-server/meta/Lua%205.4%20en-us%20utf8/math.lua
[13:33:32.840][info] [#0:script/workspace/loading.lua:98]: Skip loaded file: file:///Users/arash/.config/coc/extensions/coc-lua-data/lua-language-server/meta/Lua%205.4%20en-us%20utf8/math.lua
[13:33:32.840][info] [#0:script/workspace/loading.lua:101]: Preload file at: file:///Users/arash/.config/coc/extensions/coc-lua-data/lua-language-server/meta/Lua%205.4%20en-us%20utf8/coroutine.lua , size = 2.590 KB
[13:33:32.844][info] [#0:script/workspace/loading.lua:113]: ++++As library of:	file:///Users/arash/.config/coc/extensions/coc-lua-data/lua-language-server/meta/Lua%205.4%20en-us%20utf8/coroutine.lua
[13:33:32.844][info] [#0:script/workspace/loading.lua:98]: Skip loaded file: file:///Users/arash/.config/coc/extensions/coc-lua-data/lua-language-server/meta/Lua%205.4%20en-us%20utf8/coroutine.lua
[13:33:32.844][info] [#0:script/workspace/loading.lua:101]: Preload file at: file:///Users/arash/.config/coc/extensions/coc-lua-data/lua-language-server/meta/Lua%205.4%20en-us%20utf8/builtin.lua , size = 0.302 KB
[13:33:32.845][info] [#0:script/workspace/loading.lua:113]: ++++As library of:	file:///Users/arash/.config/coc/extensions/coc-lua-data/lua-language-server/meta/Lua%205.4%20en-us%20utf8/builtin.lua
[13:33:32.845][info] [#0:script/workspace/loading.lua:98]: Skip loaded file: file:///Users/arash/.config/coc/extensions/coc-lua-data/lua-language-server/meta/Lua%205.4%20en-us%20utf8/builtin.lua
[13:33:32.845][info] [#0:script/workspace/loading.lua:101]: Preload file at: file:///Users/arash/.config/coc/extensions/coc-lua-data/lua-language-server/meta/Lua%205.4%20en-us%20utf8/basic.lua , size = 15.377 KB
[13:33:32.855][info] [#0:script/workspace/loading.lua:113]: ++++As library of:	file:///Users/arash/.config/coc/extensions/coc-lua-data/lua-language-server/meta/Lua%205.4%20en-us%20utf8/basic.lua
[13:33:32.855][info] [#0:script/workspace/loading.lua:98]: Skip loaded file: file:///Users/arash/.config/coc/extensions/coc-lua-data/lua-language-server/meta/Lua%205.4%20en-us%20utf8/basic.lua
[13:33:32.855][info] [#0:script/workspace/loading.lua:101]: Preload file at: file:///Users/arash/.config/coc/extensions/coc-lua-data/lua-language-server/meta/Lua%205.4%20en-us%20utf8/os.lua , size = 5.600 KB
[13:33:32.860][info] [#0:script/workspace/loading.lua:113]: ++++As library of:	file:///Users/arash/.config/coc/extensions/coc-lua-data/lua-language-server/meta/Lua%205.4%20en-us%20utf8/os.lua
[13:33:32.860][info] [#0:script/workspace/loading.lua:98]: Skip loaded file: file:///Users/arash/.config/coc/extensions/coc-lua-data/lua-language-server/meta/Lua%205.4%20en-us%20utf8/os.lua
[13:33:32.860][info] [#0:script/workspace/loading.lua:101]: Preload file at: file:///Users/arash/.config/coc/extensions/coc-lua-data/lua-language-server/meta/Lua%205.4%20en-us%20utf8/io.lua , size = 6.364 KB
[13:33:32.865][info] [#0:script/workspace/loading.lua:113]: ++++As library of:	file:///Users/arash/.config/coc/extensions/coc-lua-data/lua-language-server/meta/Lua%205.4%20en-us%20utf8/io.lua
[13:33:32.865][info] [#0:script/workspace/loading.lua:98]: Skip loaded file: file:///Users/arash/.config/coc/extensions/coc-lua-data/lua-language-server/meta/Lua%205.4%20en-us%20utf8/io.lua
[13:33:32.865][info] [#0:script/workspace/loading.lua:101]: Preload file at: file:///Users/arash/.config/coc/extensions/coc-lua-data/lua-language-server/meta/Lua%205.4%20en-us%20utf8/string.lua , size = 6.341 KB
[13:33:32.868][info] [#0:script/workspace/loading.lua:113]: ++++As library of:	file:///Users/arash/.config/coc/extensions/coc-lua-data/lua-language-server/meta/Lua%205.4%20en-us%20utf8/string.lua
[13:33:32.868][info] [#0:script/workspace/loading.lua:98]: Skip loaded file: file:///Users/arash/.config/coc/extensions/coc-lua-data/lua-language-server/meta/Lua%205.4%20en-us%20utf8/string.lua
[13:33:32.868][info] [#0:script/workspace/loading.lua:101]: Preload file at: file:///Users/arash/.config/coc/extensions/coc-lua-data/lua-language-server/meta/Lua%205.4%20en-us%20utf8/debug.lua , size = 7.637 KB
[13:33:32.873][info] [#0:script/workspace/loading.lua:113]: ++++As library of:	file:///Users/arash/.config/coc/extensions/coc-lua-data/lua-language-server/meta/Lua%205.4%20en-us%20utf8/debug.lua
[13:33:32.873][info] [#0:script/workspace/loading.lua:98]: Skip loaded file: file:///Users/arash/.config/coc/extensions/coc-lua-data/lua-language-server/meta/Lua%205.4%20en-us%20utf8/debug.lua
[13:33:32.873][info] [#0:script/workspace/loading.lua:101]: Preload file at: file:///Users/arash/.config/coc/extensions/coc-lua-data/lua-language-server/meta/Lua%205.4%20en-us%20utf8/utf8.lua , size = 2.386 KB
[13:33:32.875][info] [#0:script/workspace/loading.lua:113]: ++++As library of:	file:///Users/arash/.config/coc/extensions/coc-lua-data/lua-language-server/meta/Lua%205.4%20en-us%20utf8/utf8.lua
[13:33:32.875][info] [#0:script/workspace/loading.lua:98]: Skip loaded file: file:///Users/arash/.config/coc/extensions/coc-lua-data/lua-language-server/meta/Lua%205.4%20en-us%20utf8/utf8.lua
[13:33:32.875][info] [#0:script/workspace/loading.lua:101]: Preload file at: file:///Users/arash/.config/coc/extensions/coc-lua-data/lua-language-server/meta/Lua%205.4%20en-us%20utf8/package.lua , size = 2.944 KB
[13:33:32.877][info] [#0:script/workspace/loading.lua:113]: ++++As library of:	file:///Users/arash/.config/coc/extensions/coc-lua-data/lua-language-server/meta/Lua%205.4%20en-us%20utf8/package.lua
[13:33:32.877][info] [#0:script/workspace/loading.lua:98]: Skip loaded file: file:///Users/arash/.config/coc/extensions/coc-lua-data/lua-language-server/meta/Lua%205.4%20en-us%20utf8/package.lua
[13:33:32.877][info] [#0:script/workspace/loading.lua:101]: Preload file at: file:///Users/arash/.config/coc/extensions/coc-lua-data/lua-language-server/meta/Lua%205.4%20en-us%20utf8/table.lua , size = 4.230 KB
[13:33:32.880][info] [#0:script/workspace/loading.lua:113]: ++++As library of:	file:///Users/arash/.config/coc/extensions/coc-lua-data/lua-language-server/meta/Lua%205.4%20en-us%20utf8/table.lua
[13:33:32.880][info] [#0:script/workspace/loading.lua:98]: Skip loaded file: file:///Users/arash/.config/coc/extensions/coc-lua-data/lua-language-server/meta/Lua%205.4%20en-us%20utf8/table.lua
[13:33:32.880][info] [#0:script/workspace/loading.lua:101]: Preload file at: file:///Users/arash/Git/MacOS_customize/dotfiles-master/.config/nvim/init.lua , size = 0.070 KB
[13:33:32.880][info] [#0:script/workspace/loading.lua:101]: Preload file at: file:///Users/arash/Git/MacOS_customize/dotfiles-master/.config/nvim/lua/config/autocmds.lua , size = 0.208 KB
[13:33:32.880][info] [#0:script/workspace/loading.lua:101]: Preload file at: file:///Users/arash/Git/MacOS_customize/dotfiles-master/.config/nvim/lua/config/keymaps.lua , size = 0.204 KB
[13:33:32.880][info] [#0:script/workspace/loading.lua:101]: Preload file at: file:///Users/arash/Git/MacOS_customize/dotfiles-master/.config/nvim/lua/config/options.lua , size = 0.207 KB
[13:33:32.880][info] [#0:script/workspace/loading.lua:101]: Preload file at: file:///Users/arash/Git/MacOS_customize/dotfiles-master/.config/nvim/lua/config/lazy.lua , size = 2.246 KB
[13:33:32.987][info] [#0:script/workspace/loading.lua:173]: Loaded files takes [0.062] sec: <fallback>
[13:33:32.987][info] [#0:script/workspace/loading.lua:182]: Compile files takes [0.000] sec: <fallback>
[13:33:32.987][info] [#0:script/workspace/loading.lua:183]: Loaded finish:	<fallback>
[13:33:32.987][info] [#0:script/workspace/workspace.lua:381]: Preload finish at:	<fallback>
[13:33:32.994][info] [#0:script/workspace/loading.lua:101]: Preload file at: file:///Users/arash/Git/MacOS_customize/dotfiles-master/.config/nvim/lua/plugins/example.lua , size = 7.198 KB
[13:33:33.105][info] [#0:script/workspace/loading.lua:173]: Loaded files takes [0.075] sec: file:///Users/arash/Git/MacOS_customize/dotfiles-master
[13:33:33.105][info] [#0:script/workspace/loading.lua:182]: Compile files takes [0.000] sec: file:///Users/arash/Git/MacOS_customize/dotfiles-master
[13:33:33.105][info] [#0:script/workspace/loading.lua:183]: Loaded finish:	file:///Users/arash/Git/MacOS_customize/dotfiles-master
[13:33:33.105][info] [#0:script/workspace/workspace.lua:381]: Preload finish at:	file:///Users/arash/Git/MacOS_customize/dotfiles-master
[13:33:33.115][info] [#0:script/provider/diagnostic.lua:557]: Diagnostics scope [file:///Users/arash/Git/MacOS_customize/dotfiles-master], files count:[18]
[13:33:33.156][info] [#0:script/provider/diagnostic.lua:574]: Diagnostics scope [file:///Users/arash/Git/MacOS_customize/dotfiles-master] finished, takes [0.041] sec.
